<?xml version="1.0" encoding="UTF-8"?>
<!-- Generated by org.testng.reporters.JUnitReportReporter -->
<testsuite hostname="DESKTOP-P8I4LBC" failures="0" tests="1" name="qaclickacademy.MavenJava.RestApiTest" time="0.014" errors="0" timestamp="2022-06-29T19:23:12 IST" skipped="0">
  <testcase classname="qaclickacademy.MavenJava.RestApiTest" name="apilogout" time="0.014"/>
  <system-out/>
</testsuite> <!-- qaclickacademy.MavenJava.RestApiTest -->
