<?xml version="1.0" encoding="UTF-8"?>
<!-- Generated by org.testng.reporters.JUnitReportReporter -->
<testsuite hostname="DESKTOP-P8I4LBC" failures="0" tests="2" name="qaclickacademy.MavenJava.SeleniumTest" time="0.015" errors="0" timestamp="11 Jun 2022 05:08:57 GMT">
  <testcase classname="qaclickacademy.MavenJava.SeleniumTest" name="BrowserLogin" time="0.013"/>
  <testcase classname="qaclickacademy.MavenJava.SeleniumTest" name="BrowserLogout" time="0.002"/>
</testsuite> <!-- qaclickacademy.MavenJava.SeleniumTest -->
