<?xml version="1.0" encoding="UTF-8"?>
<!-- Generated by org.testng.reporters.JUnitReportReporter -->
<testsuite hostname="DESKTOP-P8I4LBC" failures="0" tests="2" name="qaclickacademy.MavenJava.AppiumTest" time="0.000" errors="0" timestamp="11 Jun 2022 05:07:46 GMT">
  <testcase classname="qaclickacademy.MavenJava.AppiumTest" name="Appiumlogin" time="0.000"/>
  <testcase classname="qaclickacademy.MavenJava.AppiumTest" name="Appiumlogout" time="0.000"/>
</testsuite> <!-- qaclickacademy.MavenJava.AppiumTest -->
