<?xml version="1.0" encoding="UTF-8"?>
<!-- Generated by org.testng.reporters.JUnitReportReporter -->
<testsuite hostname="DESKTOP-P8I4LBC" failures="0" tests="2" name="qaclickacademy.MavenJava.RestApiTest" time="0.053" errors="0" timestamp="11 Jun 2022 05:07:46 GMT">
  <testcase classname="qaclickacademy.MavenJava.RestApiTest" name="apilogout" time="0.001"/>
  <testcase classname="qaclickacademy.MavenJava.RestApiTest" name="apilogin" time="0.052"/>
</testsuite> <!-- qaclickacademy.MavenJava.RestApiTest -->
